# JRE version: OpenJDK Runtime Environment (8.0_144-b01) (build 1.8.0_144-8u144-b01-1-b01)
# Java VM: OpenJDK 64-Bit Server VM (25.144-b01 mixed mode linux-amd64 compressed oops)
Heap:
 PSYoungGen      total 352768K, used 78176K [0x00000000e3b00000, 0x00000000fc380000, 0x0000000100000000)
  eden space 330752K, 17% used [0x00000000e3b00000,0x00000000e7247f10,0x00000000f7e00000)
  from space 22016K, 97% used [0x00000000fae00000,0x00000000fc3103b0,0x00000000fc380000)
  to   space 34816K, 0% used [0x00000000f7f80000,0x00000000f7f80000,0x00000000fa180000)
 ParOldGen       total 137216K, used 56597K [0x00000000ab000000, 0x00000000b3600000, 0x00000000e3b00000)
  object space 137216K, 41% used [0x00000000ab000000,0x00000000ae7454c0,0x00000000b3600000)
 Metaspace       used 79206K, capacity 80558K, committed 80768K, reserved 1120256K
  class space    used 9496K, capacity 9823K, committed 9856K, reserved 1048576K
GC Heap History (10 events):
Event: 34,462 GC heap before
{Heap before GC invocations=13 (full 2):
 PSYoungGen      total 247808K, used 225280K [0x00000000e3b00000, 0x00000000f5400000, 0x0000000100000000)
  eden space 225280K, 100% used [0x00000000e3b00000,0x00000000f1700000,0x00000000f1700000)
  from space 22528K, 0% used [0x00000000f3200000,0x00000000f3200000,0x00000000f4800000)
  to   space 27648K, 0% used [0x00000000f1700000,0x00000000f1700000,0x00000000f3200000)
 ParOldGen       total 102912K, used 40590K [0x00000000ab000000, 0x00000000b1480000, 0x00000000e3b00000)
  object space 102912K, 39% used [0x00000000ab000000,0x00000000ad7a3878,0x00000000b1480000)
 Metaspace       used 46548K, capacity 47456K, committed 47744K, reserved 1091584K
  class space    used 5515K, capacity 5747K, committed 5760K, reserved 1048576K
Event: 34,583 GC heap after
Heap after GC invocations=13 (full 2):
 PSYoungGen      total 252928K, used 19041K [0x00000000e3b00000, 0x00000000f8380000, 0x0000000100000000)
  eden space 225280K, 0% used [0x00000000e3b00000,0x00000000e3b00000,0x00000000f1700000)
  from space 27648K, 68% used [0x00000000f1700000,0x00000000f2998540,0x00000000f3200000)
  to   space 28672K, 0% used [0x00000000f6780000,0x00000000f6780000,0x00000000f8380000)
 ParOldGen       total 102912K, used 40598K [0x00000000ab000000, 0x00000000b1480000, 0x00000000e3b00000)
  object space 102912K, 39% used [0x00000000ab000000,0x00000000ad7a5878,0x00000000b1480000)
 Metaspace       used 46548K, capacity 47456K, committed 47744K, reserved 1091584K
  class space    used 5515K, capacity 5747K, committed 5760K, reserved 1048576K
}
Event: 44,006 GC heap before
{Heap before GC invocations=14 (full 2):
 PSYoungGen      total 252928K, used 244321K [0x00000000e3b00000, 0x00000000f8380000, 0x0000000100000000)
  eden space 225280K, 100% used [0x00000000e3b00000,0x00000000f1700000,0x00000000f1700000)
  from space 27648K, 68% used [0x00000000f1700000,0x00000000f2998540,0x00000000f3200000)
  to   space 28672K, 0% used [0x00000000f6780000,0x00000000f6780000,0x00000000f8380000)
 ParOldGen       total 102912K, used 40598K [0x00000000ab000000, 0x00000000b1480000, 0x00000000e3b00000)
  object space 102912K, 39% used [0x00000000ab000000,0x00000000ad7a5878,0x00000000b1480000)
 Metaspace       used 55993K, capacity 57006K, committed 57472K, reserved 1099776K
  class space    used 6729K, capacity 6960K, committed 7040K, reserved 1048576K
Event: 44,107 GC heap after
Heap after GC invocations=14 (full 2):
 PSYoungGen      total 304128K, used 25486K [0x00000000e3b00000, 0x00000000f8700000, 0x0000000100000000)
  eden space 275456K, 0% used [0x00000000e3b00000,0x00000000e3b00000,0x00000000f4800000)
  from space 28672K, 88% used [0x00000000f6780000,0x00000000f8063a30,0x00000000f8380000)
  to   space 32256K, 0% used [0x00000000f4800000,0x00000000f4800000,0x00000000f6780000)
 ParOldGen       total 102912K, used 40606K [0x00000000ab000000, 0x00000000b1480000, 0x00000000e3b00000)
  object space 102912K, 39% used [0x00000000ab000000,0x00000000ad7a7878,0x00000000b1480000)
 Metaspace       used 55993K, capacity 57006K, committed 57472K, reserved 1099776K
  class space    used 6729K, capacity 6960K, committed 7040K, reserved 1048576K
}
Event: 46,609 GC heap before
{Heap before GC invocations=15 (full 2):
 PSYoungGen      total 304128K, used 136429K [0x00000000e3b00000, 0x00000000f8700000, 0x0000000100000000)
  eden space 275456K, 40% used [0x00000000e3b00000,0x00000000ea757af0,0x00000000f4800000)
  from space 28672K, 88% used [0x00000000f6780000,0x00000000f8063a30,0x00000000f8380000)
  to   space 32256K, 0% used [0x00000000f4800000,0x00000000f4800000,0x00000000f6780000)
 ParOldGen       total 102912K, used 40606K [0x00000000ab000000, 0x00000000b1480000, 0x00000000e3b00000)
  object space 102912K, 39% used [0x00000000ab000000,0x00000000ad7a7878,0x00000000b1480000)
 Metaspace       used 57857K, capacity 58960K, committed 59008K, reserved 1101824K
  class space    used 6975K, capacity 7255K, committed 7296K, reserved 1048576K
Event: 46,699 GC heap after
Heap after GC invocations=15 (full 2):
 PSYoungGen      total 307712K, used 23540K [0x00000000e3b00000, 0x00000000fcf00000, 0x0000000100000000)
  eden space 275456K, 0% used [0x00000000e3b00000,0x00000000e3b00000,0x00000000f4800000)
  from space 32256K, 72% used [0x00000000f4800000,0x00000000f5efd388,0x00000000f6780000)
  to   space 33792K, 0% used [0x00000000fae00000,0x00000000fae00000,0x00000000fcf00000)
 ParOldGen       total 102912K, used 40614K [0x00000000ab000000, 0x00000000b1480000, 0x00000000e3b00000)
  object space 102912K, 39% used [0x00000000ab000000,0x00000000ad7a9878,0x00000000b1480000)
 Metaspace       used 57857K, capacity 58960K, committed 59008K, reserved 1101824K
  class space    used 6975K, capacity 7255K, committed 7296K, reserved 1048576K
}
Event: 46,699 GC heap before
{Heap before GC invocations=16 (full 3):
 PSYoungGen      total 307712K, used 23540K [0x00000000e3b00000, 0x00000000fcf00000, 0x0000000100000000)
  eden space 275456K, 0% used [0x00000000e3b00000,0x00000000e3b00000,0x00000000f4800000)
  from space 32256K, 72% used [0x00000000f4800000,0x00000000f5efd388,0x00000000f6780000)
  to   space 33792K, 0% used [0x00000000fae00000,0x00000000fae00000,0x00000000fcf00000)
 ParOldGen       total 102912K, used 40614K [0x00000000ab000000, 0x00000000b1480000, 0x00000000e3b00000)
  object space 102912K, 39% used [0x00000000ab000000,0x00000000ad7a9878,0x00000000b1480000)
 Metaspace       used 57857K, capacity 58960K, committed 59008K, reserved 1101824K
  class space    used 6975K, capacity 7255K, committed 7296K, reserved 1048576K
Event: 47,531 GC heap after
Heap after GC invocations=16 (full 3):
 PSYoungGen      total 307712K, used 0K [0x00000000e3b00000, 0x00000000fcf00000, 0x0000000100000000)
  eden space 275456K, 0% used [0x00000000e3b00000,0x00000000e3b00000,0x00000000f4800000)
  from space 32256K, 0% used [0x00000000f4800000,0x00000000f4800000,0x00000000f6780000)
  to   space 33792K, 0% used [0x00000000fae00000,0x00000000fae00000,0x00000000fcf00000)
 ParOldGen       total 137216K, used 56589K [0x00000000ab000000, 0x00000000b3600000, 0x00000000e3b00000)
  object space 137216K, 41% used [0x00000000ab000000,0x00000000ae7434c0,0x00000000b3600000)
 Metaspace       used 57857K, capacity 58960K, committed 59008K, reserved 1101824K
  class space    used 6975K, capacity 7255K, committed 7296K, reserved 1048576K
}
Event: 267,527 GC heap before
{Heap before GC invocations=17 (full 3):
 PSYoungGen      total 307712K, used 275456K [0x00000000e3b00000, 0x00000000fcf00000, 0x0000000100000000)
  eden space 275456K, 100% used [0x00000000e3b00000,0x00000000f4800000,0x00000000f4800000)
  from space 32256K, 0% used [0x00000000f4800000,0x00000000f4800000,0x00000000f6780000)
  to   space 33792K, 0% used [0x00000000fae00000,0x00000000fae00000,0x00000000fcf00000)
 ParOldGen       total 137216K, used 56589K [0x00000000ab000000, 0x00000000b3600000, 0x00000000e3b00000)
  object space 137216K, 41% used [0x00000000ab000000,0x00000000ae7434c0,0x00000000b3600000)
 Metaspace       used 76263K, capacity 77608K, committed 77952K, reserved 1118208K
  class space    used 8992K, capacity 9310K, committed 9344K, reserved 1048576K
Event: 267,586 GC heap after
Heap after GC invocations=17 (full 3):
 PSYoungGen      total 352768K, used 21568K [0x00000000e3b00000, 0x00000000fc380000, 0x0000000100000000)
  eden space 330752K, 0% used [0x00000000e3b00000,0x00000000e3b00000,0x00000000f7e00000)
  from space 22016K, 97% used [0x00000000fae00000,0x00000000fc3103b0,0x00000000fc380000)
  to   space 34816K, 0% used [0x00000000f7f80000,0x00000000f7f80000,0x00000000fa180000)
 ParOldGen       total 137216K, used 56597K [0x00000000ab000000, 0x00000000b3600000, 0x00000000e3b00000)
  object space 137216K, 41% used [0x00000000ab000000,0x00000000ae7454c0,0x00000000b3600000)
 Metaspace       used 76263K, capacity 77608K, committed 77952K, reserved 1118208K
  class space    used 8992K, capacity 9310K, committed 9344K, reserved 1048576K
}

